<?xml version="1.0" encoding="UTF-8"?>
<!-- Generated by org.testng.reporters.JUnitXMLReporter -->
<testsuite hostname="DESKTOP-Q9EH2PL" ignored="0" name="testCases1(failed)" tests="5" failures="4" timestamp="23 May 2021 11:05:08 GMT" time="74.384" errors="0">
  <testcase name="addNewCustmrer" time="29.147" classname="com.inetBanking.testCases1.TC_AddCustomerTest_003"/>
  <testcase name="loginDDT" time="6.106" classname="com.inetBanking.testCases1.TC_LoginDDT_002">
    <failure type="junit.framework.AssertionFailedError">
      <![CDATA[junit.framework.AssertionFailedError
	at junit.framework.Assert.fail(Assert.java:47)
	at junit.framework.Assert.assertTrue(Assert.java:20)
	at junit.framework.Assert.assertTrue(Assert.java:27)
	at com.inetBanking.testCases1.TC_LoginDDT_002.loginDDT(TC_LoginDDT_002.java:35)
... Removed 25 stack frames]]>
    </failure>
  </testcase> <!-- loginDDT -->
  <testcase name="loginDDT" time="6.857" classname="com.inetBanking.testCases1.TC_LoginDDT_002">
    <failure type="junit.framework.AssertionFailedError">
      <![CDATA[junit.framework.AssertionFailedError
	at junit.framework.Assert.fail(Assert.java:47)
	at junit.framework.Assert.assertTrue(Assert.java:20)
	at junit.framework.Assert.assertTrue(Assert.java:27)
	at com.inetBanking.testCases1.TC_LoginDDT_002.loginDDT(TC_LoginDDT_002.java:35)
... Removed 25 stack frames]]>
    </failure>
  </testcase> <!-- loginDDT -->
  <testcase name="loginDDT" time="6.09" classname="com.inetBanking.testCases1.TC_LoginDDT_002">
    <failure type="junit.framework.AssertionFailedError">
      <![CDATA[junit.framework.AssertionFailedError
	at junit.framework.Assert.fail(Assert.java:47)
	at junit.framework.Assert.assertTrue(Assert.java:20)
	at junit.framework.Assert.assertTrue(Assert.java:27)
	at com.inetBanking.testCases1.TC_LoginDDT_002.loginDDT(TC_LoginDDT_002.java:35)
... Removed 25 stack frames]]>
    </failure>
  </testcase> <!-- loginDDT -->
  <testcase name="loginDDT" time="5.176" classname="com.inetBanking.testCases1.TC_LoginDDT_002">
    <failure type="junit.framework.AssertionFailedError">
      <![CDATA[junit.framework.AssertionFailedError
	at junit.framework.Assert.fail(Assert.java:47)
	at junit.framework.Assert.assertTrue(Assert.java:20)
	at junit.framework.Assert.assertTrue(Assert.java:27)
	at com.inetBanking.testCases1.TC_LoginDDT_002.loginDDT(TC_LoginDDT_002.java:35)
... Removed 25 stack frames]]>
    </failure>
  </testcase> <!-- loginDDT -->
</testsuite> <!-- testCases1(failed) -->
